Arguments: 
  C:\Program Files\nodejs\node.exe C:\Program Files\nodejs\node_modules\yarn\bin\yarn.js add @fontawsome/fontawsome-free

PATH: 
  C:\Program Files\Microsoft MPI\Bin\;C:\Program Files\Eclipse Foundation\jdk-11.0.12.7-hotspot\bin;C:\Windows\system32;C:\Windows;C:\Windows\System32\Wbem;C:\Windows\System32\WindowsPowerShell\v1.0\;C:\Windows\System32\OpenSSH\;C:\Program Files\Microsoft SQL Server\130\Tools\Binn\;C:\Program Files\dotnet\;C:\Program Files\Microsoft SQL Server\Client SDK\ODBC\170\Tools\Binn\;C:\Program Files (x86)\Windows Live\Shared;C:\Program Files (x86)\dotnet\;C:\Program Files (x86)\Microsoft SQL Server\150\Tools\Binn\;C:\Program Files\Microsoft SQL Server\150\Tools\Binn\;C:\Program Files (x86)\Microsoft SQL Server\150\DTS\Binn\;C:\Program Files\Microsoft SQL Server\150\DTS\Binn\;C:\Program Files\Azure Data Studio\bin;C:\Program Files\Git\cmd;C:\Users\User\AppData\Roaming\nvm;C:\Program Files\nodejs;C:\Users\User\AppData\Local\Microsoft\WindowsApps;C:\Users\User\.dotnet\tools;C:\Users\User\AppData\Local\Programs\Microsoft VS Code\bin;C:\Program Files\Azure Data Studio\bin;C:\Users\User\AppData\Roaming\nvm;C:\Program Files\nodejs;C:\Program Files\Git\bin;C:\Program Files\MongoDB\Server\5.0\bin;C:\Users\User\AppData\Roaming\nvm\v18.1.0;C:\Users\User\AppData\Local\GitHubDesktop\bin

Yarn version: 
  1.22.18

Node version: 
  18.1.0

Platform: 
  win32 x64

Trace: 
  Error: https://registry.yarnpkg.com/@fontawsome%2ffontawsome-free: Not found
      at params.callback [as _callback] (C:\Users\User\AppData\Roaming\nvm\v18.1.0\node_modules\yarn\lib\cli.js:66138:18)
      at self.callback (C:\Users\User\AppData\Roaming\nvm\v18.1.0\node_modules\yarn\lib\cli.js:140883:22)
      at Request.emit (node:events:527:28)
      at Request.<anonymous> (C:\Users\User\AppData\Roaming\nvm\v18.1.0\node_modules\yarn\lib\cli.js:141855:10)
      at Request.emit (node:events:527:28)
      at IncomingMessage.<anonymous> (C:\Users\User\AppData\Roaming\nvm\v18.1.0\node_modules\yarn\lib\cli.js:141777:12)
      at Object.onceWrapper (node:events:641:28)
      at IncomingMessage.emit (node:events:539:35)
      at endReadableNT (node:internal/streams/readable:1344:12)
      at process.processTicksAndRejections (node:internal/process/task_queues:82:21)

npm manifest: 
  {
    "name": "comp229-m2022-week4",
    "version": "0.0.2",
    "description": "Demo Project for COMP229 in the Summer 2022 semester for Week 4",
    "main": "server.js",
    "author": "Silvana Gjini",
    "license": "MIT",
    "private": true,
    "scripts": {
      "start": "node server.js"
    },
    "engines": {
      "node": "18.1.0",
      "npm": "8.1.0",
      "yarn": "1.22.18"
    },
    "dependencies": {
      "bootstrap": "5.2.0-beta1",
      "cookie-parser": "^1.4.6",
      "debug": "^4.3.4",
      "ejs": "^3.1.8",
      "express": "^4.18.1",
      "http-errors": "^2.0.0",
      "jquery": "^3.6.0",
      "morgan": "^1.10.0"
    },
    "devDependencies": {
      "@types/cookie-parser": "^1.4.3",
      "@types/debug": "^4.1.7",
      "@types/ejs": "^3.1.1",
      "@types/express": "^4.17.13",
      "@types/http-errors": "^1.8.2",
      "@types/jquery": "^3.5.14",
      "@types/morgan": "^1.9.3",
      "@types/node": "^17.0.35"
    }
  }

yarn manifest: 
  No manifest

Lockfile: 
  # THIS IS AN AUTOGENERATED FILE. DO NOT EDIT THIS FILE DIRECTLY.
  # yarn lockfile v1
  
  
  bootstrap@5.2.0-beta1:
    version "5.2.0-beta1"
    resolved "https://registry.yarnpkg.com/bootstrap/-/bootstrap-5.2.0-beta1.tgz#75647ff7327c2cac9b8e1cb6728a790a5be4cefc"
    integrity sha512-6qbgs177WZEFY4SLQUq3tEHayYG80nfDmyTpdKi0MJqRMdS+HAoq24+YKfx6wf+nHY0rx8zrh477J1lFu4WzOA==
